<?xml version="1.0" encoding="UTF-8"?>
<!-- Generated by org.testng.reporters.JUnitXMLReporter -->
<testsuite hostname="LAPTOP-1E5OSFLE" name="Test" tests="4" failures="0" timestamp="25 Mar 2021 14:53:49 GMT" time="35.716" errors="0">
  <testcase name="nonFunction" time="3.374" classname="com.scripts.CrossBrowserTest"/>
  <testcase name="loginInvalid" time="11.529" classname="com.scripts.LoginInvalidCredentialsTest"/>
  <testcase name="loginvalid" time="12.721" classname="com.scripts.LoginValidCredentialsTest"/>
  <testcase name="urlTitle" time="8.074" classname="com.scripts.LoginURLAndTitleTest"/>
</testsuite> <!-- Test -->
